0 info it worked if it ends with ok
1 verbose cli [ '/usr/local/Cellar/node/5.10.1/bin/node',
1 verbose cli   '/usr/local/bin/npm',
1 verbose cli   'run',
1 verbose cli   'cover' ]
2 info using npm@3.8.3
3 info using node@v5.10.1
4 verbose run-script [ 'precover', 'cover', 'postcover' ]
5 info lifecycle mern-starter-todo-list@1.0.0~precover: mern-starter-todo-list@1.0.0
6 silly lifecycle mern-starter-todo-list@1.0.0~precover: no script for precover, continuing
7 info lifecycle mern-starter-todo-list@1.0.0~cover: mern-starter-todo-list@1.0.0
8 verbose lifecycle mern-starter-todo-list@1.0.0~cover: unsafe-perm in lifecycle true
9 verbose lifecycle mern-starter-todo-list@1.0.0~cover: PATH: /usr/local/lib/node_modules/npm/bin/node-gyp-bin:/Users/vinodpandey/Downloads/CA_JS_TODO/Source/node_modules/.bin:/usr/local/Cellar/node/5.10.1/bin:/Users/vinodpandey/.jenv/shims:/Users/vinodpandey/.sdkman/candidates/grails/current/bin:/Users/vinodpandey/.sdkman/candidates/gradle/current/bin:/Users/vinodpandey/mongodb-osx-x86_64-2.4.3/bin:/Users/vinodpandey/.rvm/gems/ruby-1.9.2-p320/bin:/Users/vinodpandey/.rvm/gems/ruby-1.9.2-p320@global/bin:/Users/vinodpandey/.rvm/rubies/ruby-1.9.2-p320/bin:/Users/vinodpandey/.rvm/bin:/Users/vinodpandey/mongodb-osx-x86_64-2.4.3/bin:/Users/vinodpandey/ImageMagick-6.7.5/bin:/usr/share/grails/bin:/usr/local/bin:/usr/bin:/bin:/usr/sbin:/sbin:/opt/X11/bin:/usr/local/go/bin:/Applications/Wireshark.app/Contents/MacOS:/usr/local/go/bin:/usr/local/go/bin:/Users/vinodpandey/code/services/bin:/Users/vinodpandey/.sdkman/grails/3.0.8/bin
10 verbose lifecycle mern-starter-todo-list@1.0.0~cover: CWD: /Users/vinodpandey/Downloads/CA_JS_TODO/Source
11 silly lifecycle mern-starter-todo-list@1.0.0~cover: Args: [ '-c', 'nyc npm run test' ]
12 silly lifecycle mern-starter-todo-list@1.0.0~cover: Returned: code: 1  signal: null
13 info lifecycle mern-starter-todo-list@1.0.0~cover: Failed to exec cover script
14 verbose stack Error: mern-starter-todo-list@1.0.0 cover: `nyc npm run test`
14 verbose stack Exit status 1
14 verbose stack     at EventEmitter.<anonymous> (/usr/local/lib/node_modules/npm/lib/utils/lifecycle.js:239:16)
14 verbose stack     at emitTwo (events.js:100:13)
14 verbose stack     at EventEmitter.emit (events.js:185:7)
14 verbose stack     at ChildProcess.<anonymous> (/usr/local/lib/node_modules/npm/lib/utils/spawn.js:24:14)
14 verbose stack     at emitTwo (events.js:100:13)
14 verbose stack     at ChildProcess.emit (events.js:185:7)
14 verbose stack     at maybeClose (internal/child_process.js:850:16)
14 verbose stack     at Process.ChildProcess._handle.onexit (internal/child_process.js:215:5)
15 verbose pkgid mern-starter-todo-list@1.0.0
16 verbose cwd /Users/vinodpandey/Downloads/CA_JS_TODO/Source
17 error Darwin 16.7.0
18 error argv "/usr/local/Cellar/node/5.10.1/bin/node" "/usr/local/bin/npm" "run" "cover"
19 error node v5.10.1
20 error npm  v3.8.3
21 error code ELIFECYCLE
22 error mern-starter-todo-list@1.0.0 cover: `nyc npm run test`
22 error Exit status 1
23 error Failed at the mern-starter-todo-list@1.0.0 cover script 'nyc npm run test'.
23 error Make sure you have the latest version of node.js and npm installed.
23 error If you do, this is most likely a problem with the mern-starter-todo-list package,
23 error not with npm itself.
23 error Tell the author that this fails on your system:
23 error     nyc npm run test
23 error You can get information on how to open an issue for this project with:
23 error     npm bugs mern-starter-todo-list
23 error Or if that isn't available, you can get their info via:
23 error     npm owner ls mern-starter-todo-list
23 error There is likely additional logging output above.
24 verbose exit [ 1, true ]
